<?xml version="1.0" encoding="UTF-8" ?>
<testsuite tests="4" failures="0" name="de.unibi.cebitec.bibiserv.util.streamvalidate.impl.AlignmentML_ValidatorTest" time="5.751" errors="0" skipped="0">
  <properties>
[...]
</properties>
  <testcase classname="de.unibi.cebitec.bibiserv.util.streamvalidate.impl.AlignmentML_ValidatorTest" name="test_AminoAcid_Large" time="5.569"/>
  <testcase classname="de.unibi.cebitec.bibiserv.util.streamvalidate.impl.AlignmentML_ValidatorTest" name="test_DNA" time="0.013"/>
  <testcase classname="de.unibi.cebitec.bibiserv.util.streamvalidate.impl.AlignmentML_ValidatorTest" name="test_RNA" time="0.01"/>
  <testcase classname="de.unibi.cebitec.bibiserv.util.streamvalidate.impl.AlignmentML_ValidatorTest" name="test_AminoAcid" time="0.032"/>
</testsuite>